EMAX,EAVG,ECONT-0.72600E+00 0.81543E-01 0.78330E-01 FLOW 0.26802E+03STEP    5AT    3   27   37
EMAX,EAVG,ECONT-0.69812E+00 0.82284E-01 0.80364E-01 FLOW 0.26764E+03STEP   10AT    4   27   37
EMAX,EAVG,ECONT-0.58555E+00 0.89382E-01 0.80850E-01 FLOW 0.26737E+03STEP   15AT    4   27   37
EMAX,EAVG,ECONT-0.65469E+00 0.97160E-01 0.83273E-01 FLOW 0.26706E+03STEP   20AT   35   26   16
EMAX,EAVG,ECONT-0.64317E+00 0.10194E+00 0.87848E-01 FLOW 0.26664E+03STEP   25AT   34   26   17
EMAX,EAVG,ECONT-0.63225E+00 0.10288E+00 0.94974E-01 FLOW 0.26609E+03STEP   30AT   34   26   20
EMAX,EAVG,ECONT 0.61183E+00 0.10221E+00 0.99976E-01 FLOW 0.26541E+03STEP   35AT   37   71   17
EMAX,EAVG,ECONT 0.58583E+00 0.10039E+00 0.10225E+00 FLOW 0.26459E+03STEP   40AT   37   76   17
EMAX,EAVG,ECONT-0.53847E+00 0.97164E-01 0.10200E+00 FLOW 0.26365E+03STEP   45AT   37   27   18
EMAX,EAVG,ECONT-0.56177E+00 0.94040E-01 0.99693E-01 FLOW 0.26259E+03STEP   50AT   37   27   16
EMAX,EAVG,ECONT-0.65733E+00 0.90861E-01 0.95827E-01 FLOW 0.26145E+03STEP   55AT   37   80    6
EMAX,EAVG,ECONT-0.58975E+00 0.86691E-01 0.91032E-01 FLOW 0.26026E+03STEP   60AT   37   83    3
EMAX,EAVG,ECONT-0.58734E+00 0.82596E-01 0.88250E-01 FLOW 0.25904E+03STEP   65AT   30   96   15
EMAX,EAVG,ECONT-0.56724E+00 0.80329E-01 0.87662E-01 FLOW 0.25778E+03STEP   70AT   30   96   15
EMAX,EAVG,ECONT-0.53119E+00 0.78348E-01 0.88641E-01 FLOW 0.25650E+03STEP   75AT   29   98    3
EMAX,EAVG,ECONT-0.53653E+00 0.76021E-01 0.88357E-01 FLOW 0.25518E+03STEP   80AT   29   98    4
EMAX,EAVG,ECONT-0.53517E+00 0.74473E-01 0.86703E-01 FLOW 0.25382E+03STEP   85AT   30   97    3
EMAX,EAVG,ECONT-0.53424E+00 0.74408E-01 0.84722E-01 FLOW 0.25241E+03STEP   90AT   29   97    3
EMAX,EAVG,ECONT-0.54938E+00 0.74689E-01 0.87440E-01 FLOW 0.25096E+03STEP   95AT   29   96    1
EMAX,EAVG,ECONT-0.53217E+00 0.74576E-01 0.92686E-01 FLOW 0.24946E+03STEP  100AT   29   96    1
EMAX,EAVG,ECONT-0.52976E+00 0.74028E-01 0.96985E-01 FLOW 0.24793E+03STEP  105AT   26  204    4
EMAX,EAVG,ECONT-0.51247E+00 0.72934E-01 0.10038E+00 FLOW 0.24638E+03STEP  110AT   26  204    4
EMAX,EAVG,ECONT 0.51992E+00 0.71204E-01 0.10278E+00 FLOW 0.24483E+03STEP  115AT   23   86    6
EMAX,EAVG,ECONT 0.52001E+00 0.68712E-01 0.10356E+00 FLOW 0.24329E+03STEP  120AT   23   86    6
EMAX,EAVG,ECONT 0.51856E+00 0.66477E-01 0.10757E+00 FLOW 0.24178E+03STEP  125AT    1  135   20
EMAX,EAVG,ECONT 0.52055E+00 0.65134E-01 0.11680E+00 FLOW 0.24032E+03STEP  130AT    1  135   20
EMAX,EAVG,ECONT-0.49221E+00 0.64390E-01 0.12551E+00 FLOW 0.23894E+03STEP  135AT    8   98    5
EMAX,EAVG,ECONT-0.51231E+00 0.63730E-01 0.13318E+00 FLOW 0.23765E+03STEP  140AT    8   98    5
EMAX,EAVG,ECONT-0.51379E+00 0.63000E-01 0.13934E+00 FLOW 0.23649E+03STEP  145AT    9   98    5
EMAX,EAVG,ECONT-0.49693E+00 0.62344E-01 0.14494E+00 FLOW 0.23546E+03STEP  150AT    9   98    1
EMAX,EAVG,ECONT-0.48289E+00 0.62159E-01 0.15038E+00 FLOW 0.23459E+03STEP  155AT    8   97    7
EMAX,EAVG,ECONT-0.47256E+00 0.62490E-01 0.15376E+00 FLOW 0.23389E+03STEP  160AT    8   97    8
EMAX,EAVG,ECONT-0.45230E+00 0.63153E-01 0.15421E+00 FLOW 0.23339E+03STEP  165AT    6   96    8
EMAX,EAVG,ECONT-0.44977E+00 0.63252E-01 0.15144E+00 FLOW 0.23309E+03STEP  170AT    8   96   11
EMAX,EAVG,ECONT-0.46435E+00 0.62519E-01 0.14757E+00 FLOW 0.23300E+03STEP  175AT    8   96   11
EMAX,EAVG,ECONT-0.52328E+00 0.61364E-01 0.14102E+00 FLOW 0.23313E+03STEP  180AT   37   89    1
EMAX,EAVG,ECONT-0.47536E+00 0.60615E-01 0.13233E+00 FLOW 0.23347E+03STEP  185AT   37   89    2
EMAX,EAVG,ECONT 0.45819E+00 0.60335E-01 0.12406E+00 FLOW 0.23401E+03STEP  190AT    3  135   30
EMAX,EAVG,ECONT 0.50111E+00 0.60536E-01 0.11560E+00 FLOW 0.23475E+03STEP  195AT    2  135   37
EMAX,EAVG,ECONT 0.56898E+00 0.61082E-01 0.10780E+00 FLOW 0.23566E+03STEP  200AT    2  135   31
EMAX,EAVG,ECONT 0.66639E+00 0.61877E-01 0.98293E-01 FLOW 0.23672E+03STEP  205AT    2  135   30
EMAX,EAVG,ECONT 0.97320E+00 0.62715E-01 0.87589E-01 FLOW 0.23791E+03STEP  210AT    1  135   30
EMAX,EAVG,ECONT 0.13379E+01 0.63151E-01 0.78938E-01 FLOW 0.23921E+03STEP  215AT    1  135   37
EMAX,EAVG,ECONT 0.15337E+01 0.63063E-01 0.72367E-01 FLOW 0.24059E+03STEP  220AT    1  135   36
EMAX,EAVG,ECONT 0.16269E+01 0.62257E-01 0.65971E-01 FLOW 0.24203E+03STEP  225AT    1  135   35
EMAX,EAVG,ECONT 0.16814E+01 0.60878E-01 0.59917E-01 FLOW 0.24351E+03STEP  230AT    1  135   33
EMAX,EAVG,ECONT 0.14989E+01 0.59199E-01 0.54421E-01 FLOW 0.24502E+03STEP  235AT    1  135   30
EMAX,EAVG,ECONT 0.12813E+01 0.57445E-01 0.49789E-01 FLOW 0.24654E+03STEP  240AT    1  135   28
EMAX,EAVG,ECONT 0.11449E+01 0.55791E-01 0.45294E-01 FLOW 0.24805E+03STEP  245AT    1  135   27
EMAX,EAVG,ECONT 0.10060E+01 0.54372E-01 0.40722E-01 FLOW 0.24954E+03STEP  250AT    1  135   27
EMAX,EAVG,ECONT 0.82930E+00 0.53090E-01 0.36062E-01 FLOW 0.25100E+03STEP  255AT    1  135   27
EMAX,EAVG,ECONT 0.65671E+00 0.51864E-01 0.31704E-01 FLOW 0.25242E+03STEP  260AT    1  135   25
EMAX,EAVG,ECONT-0.53676E+00 0.50739E-01 0.27947E-01 FLOW 0.25378E+03STEP  265AT   37   93    5
EMAX,EAVG,ECONT-0.53504E+00 0.49640E-01 0.25297E-01 FLOW 0.25508E+03STEP  270AT   37   93    6
EMAX,EAVG,ECONT-0.51897E+00 0.48471E-01 0.22765E-01 FLOW 0.25631E+03STEP  275AT   37  137   27
EMAX,EAVG,ECONT-0.51908E+00 0.47187E-01 0.20480E-01 FLOW 0.25746E+03STEP  280AT   37  137   27
EMAX,EAVG,ECONT-0.54974E+00 0.45876E-01 0.18548E-01 FLOW 0.25852E+03STEP  285AT   37   95    5
EMAX,EAVG,ECONT-0.55154E+00 0.44535E-01 0.17039E-01 FLOW 0.25949E+03STEP  290AT   37   95    6
EMAX,EAVG,ECONT-0.55028E+00 0.43254E-01 0.17262E-01 FLOW 0.26036E+03STEP  295AT   37  137   35
EMAX,EAVG,ECONT-0.55405E+00 0.42084E-01 0.18052E-01 FLOW 0.26114E+03STEP  300AT   37   95    8
EMAX,EAVG,ECONT-0.53704E+00 0.41090E-01 0.18612E-01 FLOW 0.26182E+03STEP  305AT   37   95    8
EMAX,EAVG,ECONT-0.51855E+00 0.40318E-01 0.18934E-01 FLOW 0.26240E+03STEP  310AT   37   95    9
EMAX,EAVG,ECONT-0.44857E+00 0.39797E-01 0.19114E-01 FLOW 0.26288E+03STEP  315AT   37   95    9
EMAX,EAVG,ECONT-0.42124E+00 0.39450E-01 0.19364E-01 FLOW 0.26326E+03STEP  320AT   37   95   10
EMAX,EAVG,ECONT-0.42423E+00 0.39154E-01 0.19883E-01 FLOW 0.26354E+03STEP  325AT   37   95   11
EMAX,EAVG,ECONT 0.37892E+00 0.38800E-01 0.20423E-01 FLOW 0.26374E+03STEP  330AT   35   84    6
EMAX,EAVG,ECONT 0.37716E+00 0.38365E-01 0.21221E-01 FLOW 0.26384E+03STEP  335AT   36   84    5
EMAX,EAVG,ECONT 0.39783E+00 0.37815E-01 0.22102E-01 FLOW 0.26387E+03STEP  340AT   36   84    5
EMAX,EAVG,ECONT-0.43348E+00 0.37149E-01 0.22703E-01 FLOW 0.26383E+03STEP  345AT   37   75    1
EMAX,EAVG,ECONT 0.38043E+00 0.36360E-01 0.23392E-01 FLOW 0.26372E+03STEP  350AT   37   85    6
EMAX,EAVG,ECONT 0.34618E+00 0.35588E-01 0.24001E-01 FLOW 0.26356E+03STEP  355AT   37   87    7
EMAX,EAVG,ECONT-0.33916E+00 0.34938E-01 0.25142E-01 FLOW 0.26336E+03STEP  360AT   37   80    5
EMAX,EAVG,ECONT 0.30896E+00 0.34446E-01 0.25978E-01 FLOW 0.26311E+03STEP  365AT   29   92    2
EMAX,EAVG,ECONT 0.32981E+00 0.34045E-01 0.26296E-01 FLOW 0.26284E+03STEP  370AT   29   92    1
EMAX,EAVG,ECONT 0.34126E+00 0.33688E-01 0.26103E-01 FLOW 0.26255E+03STEP  375AT   29   92    1
EMAX,EAVG,ECONT 0.34621E+00 0.33322E-01 0.25485E-01 FLOW 0.26223E+03STEP  380AT   29   92    1
EMAX,EAVG,ECONT 0.34108E+00 0.32949E-01 0.27046E-01 FLOW 0.26191E+03STEP  385AT   35   92    5
EMAX,EAVG,ECONT 0.33444E+00 0.32629E-01 0.28870E-01 FLOW 0.26159E+03STEP  390AT   36   93    8
EMAX,EAVG,ECONT 0.32654E+00 0.32366E-01 0.30374E-01 FLOW 0.26126E+03STEP  395AT   36   93    3
EMAX,EAVG,ECONT-0.34265E+00 0.32139E-01 0.31533E-01 FLOW 0.26094E+03STEP  400AT   35   84    5
EMAX,EAVG,ECONT 0.34897E+00 0.31938E-01 0.32409E-01 FLOW 0.26063E+03STEP  405AT   36   93    5
EMAX,EAVG,ECONT-0.47092E+00 0.31728E-01 0.33164E-01 FLOW 0.26034E+03STEP  410AT   37   84    4
EMAX,EAVG,ECONT-0.45643E+00 0.31476E-01 0.33836E-01 FLOW 0.26006E+03STEP  415AT   37   85    5
EMAX,EAVG,ECONT-0.40441E+00 0.31207E-01 0.34404E-01 FLOW 0.25979E+03STEP  420AT   37   86    6
EMAX,EAVG,ECONT-0.35553E+00 0.30930E-01 0.34817E-01 FLOW 0.25955E+03STEP  425AT   37   87    6
EMAX,EAVG,ECONT 0.27700E+00 0.30665E-01 0.35025E-01 FLOW 0.25933E+03STEP  430AT    1  137   27
EMAX,EAVG,ECONT 0.28618E+00 0.30440E-01 0.34985E-01 FLOW 0.25914E+03STEP  435AT    1  137   27
EMAX,EAVG,ECONT 0.29749E+00 0.30250E-01 0.34666E-01 FLOW 0.25897E+03STEP  440AT    1  136   27
EMAX,EAVG,ECONT 0.28089E+00 0.30063E-01 0.34067E-01 FLOW 0.25882E+03STEP  445AT    1  137   26
EMAX,EAVG,ECONT 0.37052E+00 0.29835E-01 0.33610E-01 FLOW 0.25870E+03STEP  450AT    1  136   27
EMAX,EAVG,ECONT-0.32089E+00 0.29560E-01 0.32921E-01 FLOW 0.25860E+03STEP  455AT    1  136   27
EMAX,EAVG,ECONT 0.36251E+00 0.29226E-01 0.31892E-01 FLOW 0.25852E+03STEP  460AT    1  136   27
EMAX,EAVG,ECONT-0.30296E+00 0.28836E-01 0.30610E-01 FLOW 0.25846E+03STEP  465AT    1  136   27
EMAX,EAVG,ECONT-0.30739E+00 0.28417E-01 0.29300E-01 FLOW 0.25843E+03STEP  470AT   36   78    1
EMAX,EAVG,ECONT-0.37086E+00 0.27971E-01 0.27932E-01 FLOW 0.25841E+03STEP  475AT   37   77    1
EMAX,EAVG,ECONT-0.36450E+00 0.27492E-01 0.27347E-01 FLOW 0.25842E+03STEP  480AT   37   79    5
EMAX,EAVG,ECONT 0.31788E+00 0.26960E-01 0.26530E-01 FLOW 0.25843E+03STEP  485AT    3  136   25
EMAX,EAVG,ECONT 0.32408E+00 0.26435E-01 0.25466E-01 FLOW 0.25847E+03STEP  490AT    3  136   25
EMAX,EAVG,ECONT-0.33294E+00 0.25936E-01 0.24176E-01 FLOW 0.25851E+03STEP  495AT   37   87    1
EMAX,EAVG,ECONT 0.32245E+00 0.25470E-01 0.22697E-01 FLOW 0.25856E+03STEP  500AT    3  136   25
EMAX,EAVG,ECONT 0.31455E+00 0.25090E-01 0.21078E-01 FLOW 0.25862E+03STEP  505AT    4  136   25
EMAX,EAVG,ECONT 0.30762E+00 0.24797E-01 0.19361E-01 FLOW 0.25868E+03STEP  510AT    3  137   29
EMAX,EAVG,ECONT 0.31033E+00 0.24550E-01 0.18228E-01 FLOW 0.25874E+03STEP  515AT    3  137   29
EMAX,EAVG,ECONT 0.30876E+00 0.24287E-01 0.17448E-01 FLOW 0.25881E+03STEP  520AT    3  137   29
EMAX,EAVG,ECONT 0.30334E+00 0.23997E-01 0.16651E-01 FLOW 0.25887E+03STEP  525AT    3  137   29
EMAX,EAVG,ECONT 0.29309E+00 0.23665E-01 0.15853E-01 FLOW 0.25894E+03STEP  530AT    3  137   29
EMAX,EAVG,ECONT 0.27822E+00 0.23342E-01 0.15067E-01 FLOW 0.25900E+03STEP  535AT    3  137   29
EMAX,EAVG,ECONT 0.27328E+00 0.23028E-01 0.14303E-01 FLOW 0.25905E+03STEP  540AT   31   89   29
EMAX,EAVG,ECONT-0.27271E+00 0.22700E-01 0.13679E-01 FLOW 0.25911E+03STEP  545AT   30   98    2
EMAX,EAVG,ECONT-0.27554E+00 0.22407E-01 0.13939E-01 FLOW 0.25915E+03STEP  550AT   30   98    2
EMAX,EAVG,ECONT-0.27496E+00 0.22179E-01 0.14218E-01 FLOW 0.25920E+03STEP  555AT   30   98    2
EMAX,EAVG,ECONT-0.27192E+00 0.21957E-01 0.14527E-01 FLOW 0.25923E+03STEP  560AT   30   98    1
EMAX,EAVG,ECONT-0.28408E+00 0.21713E-01 0.14872E-01 FLOW 0.25927E+03STEP  565AT   30   97    1
EMAX,EAVG,ECONT-0.29634E+00 0.21430E-01 0.15259E-01 FLOW 0.25930E+03STEP  570AT    1  136   27
EMAX,EAVG,ECONT-0.30482E+00 0.21120E-01 0.15683E-01 FLOW 0.25932E+03STEP  575AT    1  136   27
EMAX,EAVG,ECONT-0.30613E+00 0.20939E-01 0.16121E-01 FLOW 0.25933E+03STEP  580AT    1  136   27
EMAX,EAVG,ECONT-0.36544E+00 0.20595E-01 0.16557E-01 FLOW 0.25934E+03STEP  585AT   37   93    3
EMAX,EAVG,ECONT-0.39925E+00 0.20228E-01 0.16971E-01 FLOW 0.25935E+03STEP  590AT   37   93    2
EMAX,EAVG,ECONT-0.37189E+00 0.19810E-01 0.17346E-01 FLOW 0.25935E+03STEP  595AT   37   93    2
EMAX,EAVG,ECONT-0.33937E+00 0.19440E-01 0.17671E-01 FLOW 0.25934E+03STEP  600AT   32   96    1
EMAX,EAVG,ECONT-0.35595E+00 0.19013E-01 0.17948E-01 FLOW 0.25933E+03STEP  605AT   32   96    1
EMAX,EAVG,ECONT-0.37048E+00 0.18628E-01 0.18172E-01 FLOW 0.25932E+03STEP  610AT   32   96    1
EMAX,EAVG,ECONT-0.37325E+00 0.18273E-01 0.18347E-01 FLOW 0.25929E+03STEP  615AT   32   96    1
EMAX,EAVG,ECONT-0.36795E+00 0.17977E-01 0.18485E-01 FLOW 0.25927E+03STEP  620AT   32   96    1
EMAX,EAVG,ECONT-0.38590E+00 0.17710E-01 0.18605E-01 FLOW 0.25924E+03STEP  625AT   32   95    1
EMAX,EAVG,ECONT-0.38296E+00 0.17319E-01 0.18723E-01 FLOW 0.25920E+03STEP  630AT   32   95    1
EMAX,EAVG,ECONT-0.37007E+00 0.17107E-01 0.18845E-01 FLOW 0.25916E+03STEP  635AT   32   95    1
EMAX,EAVG,ECONT-0.35219E+00 0.16952E-01 0.18975E-01 FLOW 0.25912E+03STEP  640AT   32   95    1
EMAX,EAVG,ECONT-0.33205E+00 0.16848E-01 0.19099E-01 FLOW 0.25908E+03STEP  645AT   32   95    1
EMAX,EAVG,ECONT-0.31118E+00 0.16772E-01 0.19205E-01 FLOW 0.25903E+03STEP  650AT   32   95    1
EMAX,EAVG,ECONT-0.29017E+00 0.16699E-01 0.19271E-01 FLOW 0.25899E+03STEP  655AT   32   95    1
EMAX,EAVG,ECONT-0.27661E+00 0.16604E-01 0.19290E-01 FLOW 0.25894E+03STEP  660AT   31   96    1
EMAX,EAVG,ECONT-0.26842E+00 0.16521E-01 0.19253E-01 FLOW 0.25889E+03STEP  665AT    1  137   30
EMAX,EAVG,ECONT-0.28050E+00 0.16460E-01 0.19157E-01 FLOW 0.25885E+03STEP  670AT   37   90    6
EMAX,EAVG,ECONT-0.32121E+00 0.16413E-01 0.18993E-01 FLOW 0.25880E+03STEP  675AT   37   90    6
EMAX,EAVG,ECONT-0.31344E+00 0.16350E-01 0.18764E-01 FLOW 0.25876E+03STEP  680AT   37   89    5
EMAX,EAVG,ECONT-0.26829E+00 0.16266E-01 0.18465E-01 FLOW 0.25872E+03STEP  685AT   37   89    5
EMAX,EAVG,ECONT 0.25985E+00 0.16206E-01 0.18106E-01 FLOW 0.25868E+03STEP  690AT   34   74   18
EMAX,EAVG,ECONT 0.25965E+00 0.16201E-01 0.17696E-01 FLOW 0.25865E+03STEP  695AT   35   74   18
EMAX,EAVG,ECONT 0.26090E+00 0.16225E-01 0.17246E-01 FLOW 0.25862E+03STEP  700AT   35   74   18
EMAX,EAVG,ECONT 0.26182E+00 0.16244E-01 0.16758E-01 FLOW 0.25859E+03STEP  705AT   35   74   18
EMAX,EAVG,ECONT 0.26295E+00 0.16234E-01 0.16244E-01 FLOW 0.25856E+03STEP  710AT   35   74   18
EMAX,EAVG,ECONT 0.26453E+00 0.16223E-01 0.15758E-01 FLOW 0.25853E+03STEP  715AT   35   74   18
EMAX,EAVG,ECONT 0.38323E+00 0.16444E-01 0.15574E-01 FLOW 0.25851E+03STEP  720AT   34   92   30
EMAX,EAVG,ECONT 0.27305E+00 0.16360E-01 0.15336E-01 FLOW 0.25849E+03STEP  725AT   36   74   18
EMAX,EAVG,ECONT 0.36947E+00 0.16240E-01 0.15028E-01 FLOW 0.25846E+03STEP  730AT   34   92   30
EMAX,EAVG,ECONT 0.28103E+00 0.16025E-01 0.14651E-01 FLOW 0.25844E+03STEP  735AT   36   74   18
EMAX,EAVG,ECONT 0.32436E+00 0.15782E-01 0.14221E-01 FLOW 0.25842E+03STEP  740AT   34   92   30
EMAX,EAVG,ECONT 0.28213E+00 0.15593E-01 0.13751E-01 FLOW 0.25840E+03STEP  745AT   35   75   18
EMAX,EAVG,ECONT 0.29829E+00 0.15414E-01 0.13491E-01 FLOW 0.25838E+03STEP  750AT   33   89   27
EMAX,EAVG,ECONT 0.27743E+00 0.15251E-01 0.13818E-01 FLOW 0.25836E+03STEP  755AT   35   75   18
EMAX,EAVG,ECONT 0.29160E+00 0.15058E-01 0.14048E-01 FLOW 0.25834E+03STEP  760AT   33   89   27
EMAX,EAVG,ECONT 0.29289E+00 0.14896E-01 0.14164E-01 FLOW 0.25832E+03STEP  765AT    1  136   31
EMAX,EAVG,ECONT 0.29107E+00 0.14719E-01 0.14171E-01 FLOW 0.25830E+03STEP  770AT   33   89   27
EMAX,EAVG,ECONT 0.27836E+00 0.14552E-01 0.14071E-01 FLOW 0.25827E+03STEP  775AT   36   75   18
EMAX,EAVG,ECONT 0.29297E+00 0.14368E-01 0.13872E-01 FLOW 0.25824E+03STEP  780AT   32   89   27
EMAX,EAVG,ECONT 0.28803E+00 0.14234E-01 0.13622E-01 FLOW 0.25822E+03STEP  785AT   33   93   32
EMAX,EAVG,ECONT 0.30934E+00 0.14095E-01 0.13301E-01 FLOW 0.25819E+03STEP  790AT    2  136   31
EMAX,EAVG,ECONT 0.28933E+00 0.14010E-01 0.13023E-01 FLOW 0.25816E+03STEP  795AT   33   93   32
EMAX,EAVG,ECONT 0.29261E+00 0.13921E-01 0.12768E-01 FLOW 0.25813E+03STEP  800AT   32   89   27
EMAX,EAVG,ECONT 0.28149E+00 0.13866E-01 0.12431E-01 FLOW 0.25810E+03STEP  805AT   33   93   32
EMAX,EAVG,ECONT 0.29063E+00 0.13770E-01 0.12022E-01 FLOW 0.25807E+03STEP  810AT   32   89   27
EMAX,EAVG,ECONT 0.27547E+00 0.13702E-01 0.11850E-01 FLOW 0.25804E+03STEP  815AT   29   83   24
EMAX,EAVG,ECONT 0.29123E+00 0.13588E-01 0.11751E-01 FLOW 0.25801E+03STEP  820AT   31   89   27
EMAX,EAVG,ECONT 0.28884E+00 0.13306E-01 0.11595E-01 FLOW 0.25798E+03STEP  825AT   27   75   18
EMAX,EAVG,ECONT 0.29689E+00 0.13195E-01 0.11507E-01 FLOW 0.25795E+03STEP  830AT   27   75   18
EMAX,EAVG,ECONT 0.30277E+00 0.13074E-01 0.11376E-01 FLOW 0.25792E+03STEP  835AT   27   75   18
EMAX,EAVG,ECONT 0.30675E+00 0.12957E-01 0.11189E-01 FLOW 0.25789E+03STEP  840AT   27   75   18
EMAX,EAVG,ECONT 0.30948E+00 0.12847E-01 0.10943E-01 FLOW 0.25786E+03STEP  845AT   27   75   18
EMAX,EAVG,ECONT 0.31123E+00 0.12750E-01 0.10649E-01 FLOW 0.25783E+03STEP  850AT   27   75   18
EMAX,EAVG,ECONT 0.31171E+00 0.12661E-01 0.10420E-01 FLOW 0.25781E+03STEP  855AT   27   75   18
EMAX,EAVG,ECONT 0.31208E+00 0.12571E-01 0.10256E-01 FLOW 0.25778E+03STEP  860AT   27   75   18
EMAX,EAVG,ECONT 0.31192E+00 0.12478E-01 0.10072E-01 FLOW 0.25776E+03STEP  865AT   27   75   18
EMAX,EAVG,ECONT 0.30861E+00 0.12386E-01 0.98283E-02 FLOW 0.25774E+03STEP  870AT   27   75   18
EMAX,EAVG,ECONT-0.32806E+00 0.12295E-01 0.95280E-02 FLOW 0.25772E+03STEP  875AT    5  136   28
EMAX,EAVG,ECONT-0.39344E+00 0.12193E-01 0.91769E-02 FLOW 0.25770E+03STEP  880AT    5  136   28
EMAX,EAVG,ECONT-0.39827E+00 0.12088E-01 0.87770E-02 FLOW 0.25768E+03STEP  885AT    5  136   28
EMAX,EAVG,ECONT-0.35156E+00 0.11978E-01 0.83346E-02 FLOW 0.25766E+03STEP  890AT    5  136   28
EMAX,EAVG,ECONT 0.27244E+00 0.11867E-01 0.78540E-02 FLOW 0.25765E+03STEP  895AT   26   75   18
EMAX,EAVG,ECONT 0.27745E+00 0.11760E-01 0.73487E-02 FLOW 0.25763E+03STEP  900AT   26   75   18
EMAX,EAVG,ECONT 0.27317E+00 0.11660E-01 0.68235E-02 FLOW 0.25762E+03STEP  905AT   26   75   18
EMAX,EAVG,ECONT-0.26860E+00 0.11568E-01 0.63654E-02 FLOW 0.25760E+03STEP  910AT    1  137   29
EMAX,EAVG,ECONT-0.29886E+00 0.11480E-01 0.62430E-02 FLOW 0.25759E+03STEP  915AT    1  137   29
EMAX,EAVG,ECONT-0.32615E+00 0.11394E-01 0.61191E-02 FLOW 0.25758E+03STEP  920AT    1  137   30
EMAX,EAVG,ECONT-0.35120E+00 0.11306E-01 0.60907E-02 FLOW 0.25757E+03STEP  925AT    1  137   30
EMAX,EAVG,ECONT-0.36444E+00 0.11214E-01 0.60592E-02 FLOW 0.25756E+03STEP  930AT    1  137   30
EMAX,EAVG,ECONT-0.36864E+00 0.11118E-01 0.60281E-02 FLOW 0.25755E+03STEP  935AT    1  137   30
EMAX,EAVG,ECONT-0.37651E+00 0.11022E-01 0.59944E-02 FLOW 0.25753E+03STEP  940AT    1  137   29
EMAX,EAVG,ECONT-0.38076E+00 0.10939E-01 0.59572E-02 FLOW 0.25752E+03STEP  945AT    1  137   29
EMAX,EAVG,ECONT-0.38165E+00 0.10863E-01 0.59159E-02 FLOW 0.25751E+03STEP  950AT    1  137   29
EMAX,EAVG,ECONT-0.38319E+00 0.10785E-01 0.58714E-02 FLOW 0.25750E+03STEP  955AT    1  137   29
EMAX,EAVG,ECONT-0.38694E+00 0.10718E-01 0.58225E-02 FLOW 0.25749E+03STEP  960AT    1  137   29
EMAX,EAVG,ECONT-0.38987E+00 0.10654E-01 0.57703E-02 FLOW 0.25748E+03STEP  965AT    1  137   29
EMAX,EAVG,ECONT-0.48225E+00 0.10833E-01 0.57131E-02 FLOW 0.25746E+03STEP  970AT   28   77   21
EMAX,EAVG,ECONT-0.45876E+00 0.10768E-01 0.56559E-02 FLOW 0.25745E+03STEP  975AT   28   77   21
EMAX,EAVG,ECONT-0.41047E+00 0.10698E-01 0.55944E-02 FLOW 0.25744E+03STEP  980AT   28   77   21
EMAX,EAVG,ECONT-0.39315E+00 0.10653E-01 0.55326E-02 FLOW 0.25743E+03STEP  985AT   27   77   21
EMAX,EAVG,ECONT 0.34775E+00 0.10595E-01 0.54636E-02 FLOW 0.25741E+03STEP  990AT   31   93   32
EMAX,EAVG,ECONT 0.32120E+00 0.10560E-01 0.53939E-02 FLOW 0.25740E+03STEP  995AT   31   89   26
EMAX,EAVG,ECONT 0.35156E+00 0.10509E-01 0.53199E-02 FLOW 0.25739E+03STEP 1000AT   31   93   32
EMAX,EAVG,ECONT 0.33519E+00 0.10415E-01 0.52403E-02 FLOW 0.25737E+03STEP 1005AT   31   89   26
EMAX,EAVG,ECONT 0.36124E+00 0.10307E-01 0.51640E-02 FLOW 0.25736E+03STEP 1010AT   31   93   32
EMAX,EAVG,ECONT 0.33123E+00 0.10212E-01 0.50861E-02 FLOW 0.25734E+03STEP 1015AT   30   90   27
EMAX,EAVG,ECONT 0.35695E+00 0.10100E-01 0.50119E-02 FLOW 0.25733E+03STEP 1020AT   30   89   26
EMAX,EAVG,ECONT 0.33185E+00 0.10002E-01 0.49427E-02 FLOW 0.25732E+03STEP 1025AT   30   90   27
EMAX,EAVG,ECONT 0.34879E+00 0.98814E-02 0.48806E-02 FLOW 0.25731E+03STEP 1030AT   31   93   31
EMAX,EAVG,ECONT 0.31509E+00 0.97763E-02 0.49541E-02 FLOW 0.25730E+03STEP 1035AT   30   90   27
EMAX,EAVG,ECONT 0.34916E+00 0.96506E-02 0.50809E-02 FLOW 0.25729E+03STEP 1040AT   31   93   31
EMAX,EAVG,ECONT 0.33671E+00 0.95457E-02 0.51874E-02 FLOW 0.25729E+03STEP 1045AT   30   93   33
EMAX,EAVG,ECONT 0.34190E+00 0.94160E-02 0.52730E-02 FLOW 0.25728E+03STEP 1050AT   31   93   31
EMAX,EAVG,ECONT 0.35644E+00 0.93094E-02 0.53377E-02 FLOW 0.25728E+03STEP 1055AT   30   93   33
EMAX,EAVG,ECONT 0.33576E+00 0.91797E-02 0.53889E-02 FLOW 0.25728E+03STEP 1060AT   30   93   34
EMAX,EAVG,ECONT-0.30523E+00 0.90452E-02 0.54265E-02 FLOW 0.25728E+03STEP 1065AT   31   93   31
EMAX,EAVG,ECONT-0.25263E+00 0.88550E-02 0.56719E-02 FLOW 0.25728E+03STEP 1070AT    4  135   33
EMAX,EAVG,ECONT-0.25748E+00 0.87403E-02 0.59908E-02 FLOW 0.25729E+03STEP 1075AT    4  135   33
EMAX,EAVG,ECONT-0.26113E+00 0.86300E-02 0.62816E-02 FLOW 0.25729E+03STEP 1080AT    4  135   33
EMAX,EAVG,ECONT-0.26386E+00 0.85264E-02 0.65399E-02 FLOW 0.25730E+03STEP 1085AT    4  135   33
EMAX,EAVG,ECONT-0.26562E+00 0.84286E-02 0.67654E-02 FLOW 0.25731E+03STEP 1090AT    4  135   33
EMAX,EAVG,ECONT-0.26603E+00 0.83355E-02 0.69481E-02 FLOW 0.25732E+03STEP 1095AT    4  135   33
EMAX,EAVG,ECONT-0.26466E+00 0.82464E-02 0.70896E-02 FLOW 0.25733E+03STEP 1100AT    4  135   33
EMAX,EAVG,ECONT-0.26069E+00 0.81615E-02 0.71896E-02 FLOW 0.25734E+03STEP 1105AT    4  135   33
EMAX,EAVG,ECONT-0.25423E+00 0.80784E-02 0.72466E-02 FLOW 0.25735E+03STEP 1110AT    4  135   33
EMAX,EAVG,ECONT-0.24827E+00 0.79960E-02 0.72662E-02 FLOW 0.25736E+03STEP 1115AT    4  135   33
EMAX,EAVG,ECONT-0.24275E+00 0.79155E-02 0.72477E-02 FLOW 0.25738E+03STEP 1120AT    4  135   33
EMAX,EAVG,ECONT-0.23743E+00 0.78386E-02 0.71934E-02 FLOW 0.25739E+03STEP 1125AT    4  135   33
EMAX,EAVG,ECONT-0.23652E+00 0.77680E-02 0.71053E-02 FLOW 0.25740E+03STEP 1130AT    4  135   32
EMAX,EAVG,ECONT-0.23864E+00 0.77012E-02 0.69885E-02 FLOW 0.25741E+03STEP 1135AT    4  135   32
EMAX,EAVG,ECONT-0.24223E+00 0.76371E-02 0.68493E-02 FLOW 0.25743E+03STEP 1140AT    3  135   33
EMAX,EAVG,ECONT-0.24788E+00 0.75708E-02 0.66915E-02 FLOW 0.25744E+03STEP 1145AT    1  135   33
EMAX,EAVG,ECONT-0.25178E+00 0.75002E-02 0.65215E-02 FLOW 0.25745E+03STEP 1150AT    1  135   33
EMAX,EAVG,ECONT 0.33084E+00 0.74492E-02 0.63413E-02 FLOW 0.25746E+03STEP 1155AT   31   93   30
EMAX,EAVG,ECONT 0.38953E+00 0.74631E-02 0.61535E-02 FLOW 0.25747E+03STEP 1160AT   30   93   31
EMAX,EAVG,ECONT 0.36159E+00 0.73591E-02 0.59600E-02 FLOW 0.25748E+03STEP 1165AT   30   93   32
EMAX,EAVG,ECONT 0.36790E+00 0.72552E-02 0.57634E-02 FLOW 0.25748E+03STEP 1170AT   30   93   31
EMAX,EAVG,ECONT 0.34021E+00 0.71501E-02 0.55711E-02 FLOW 0.25749E+03STEP 1175AT   30   93   32
EMAX,EAVG,ECONT 0.35645E+00 0.70423E-02 0.53851E-02 FLOW 0.25749E+03STEP 1180AT   30   93   31
EMAX,EAVG,ECONT 0.32540E+00 0.69330E-02 0.52065E-02 FLOW 0.25749E+03STEP 1185AT   30   93   32
EMAX,EAVG,ECONT 0.34579E+00 0.68261E-02 0.51531E-02 FLOW 0.25749E+03STEP 1190AT   30   93   31
EMAX,EAVG,ECONT 0.30360E+00 0.67217E-02 0.51503E-02 FLOW 0.25749E+03STEP 1195AT   30   93   32
EMAX,EAVG,ECONT 0.32866E+00 0.66238E-02 0.51448E-02 FLOW 0.25748E+03STEP 1200AT   30   93   31
EMAX,EAVG,ECONT-0.27751E+00 0.65395E-02 0.51364E-02 FLOW 0.25748E+03STEP 1205AT   30   93   31
EMAX,EAVG,ECONT 0.30774E+00 0.64580E-02 0.51236E-02 FLOW 0.25747E+03STEP 1210AT   30   93   31
EMAX,EAVG,ECONT-0.27590E+00 0.63857E-02 0.51084E-02 FLOW 0.25746E+03STEP 1215AT   30   93   31
EMAX,EAVG,ECONT 0.29344E+00 0.63076E-02 0.50893E-02 FLOW 0.25745E+03STEP 1220AT   30   93   31
EMAX,EAVG,ECONT-0.27508E+00 0.62351E-02 0.50697E-02 FLOW 0.25744E+03STEP 1225AT   30   93   31
EMAX,EAVG,ECONT 0.28006E+00 0.61609E-02 0.50452E-02 FLOW 0.25743E+03STEP 1230AT   30   93   31
EMAX,EAVG,ECONT-0.27246E+00 0.60925E-02 0.50203E-02 FLOW 0.25742E+03STEP 1235AT   30   93   31
EMAX,EAVG,ECONT 0.26570E+00 0.60266E-02 0.49943E-02 FLOW 0.25741E+03STEP 1240AT   30   93   31
EMAX,EAVG,ECONT-0.26872E+00 0.59640E-02 0.49665E-02 FLOW 0.25740E+03STEP 1245AT   30   93   31
EMAX,EAVG,ECONT 0.24865E+00 0.59044E-02 0.49393E-02 FLOW 0.25738E+03STEP 1250AT   30   93   31
EMAX,EAVG,ECONT-0.26127E+00 0.58481E-02 0.49097E-02 FLOW 0.25737E+03STEP 1255AT   30   93   31
EMAX,EAVG,ECONT-0.24314E+00 0.57946E-02 0.48807E-02 FLOW 0.25736E+03STEP 1260AT   30   93   30
EMAX,EAVG,ECONT-0.25358E+00 0.57448E-02 0.48521E-02 FLOW 0.25734E+03STEP 1265AT   30   93   31
EMAX,EAVG,ECONT-0.24696E+00 0.56940E-02 0.48254E-02 FLOW 0.25733E+03STEP 1270AT   30   93   30
EMAX,EAVG,ECONT 0.24716E+00 0.56443E-02 0.47999E-02 FLOW 0.25732E+03STEP 1275AT   30   93   30
EMAX,EAVG,ECONT-0.18283E+00 0.55557E-02 0.47745E-02 FLOW 0.25731E+03STEP 1280AT    1  135   32
EMAX,EAVG,ECONT-0.17749E+00 0.55073E-02 0.47532E-02 FLOW 0.25730E+03STEP 1285AT    1  135   32
EMAX,EAVG,ECONT-0.17232E+00 0.54563E-02 0.47330E-02 FLOW 0.25729E+03STEP 1290AT    1  135   32
EMAX,EAVG,ECONT-0.16825E+00 0.54030E-02 0.47168E-02 FLOW 0.25728E+03STEP 1295AT    4  135   31
EMAX,EAVG,ECONT-0.16400E+00 0.53476E-02 0.47757E-02 FLOW 0.25727E+03STEP 1300AT    4  135   31
EMAX,EAVG,ECONT-0.16053E+00 0.52906E-02 0.48296E-02 FLOW 0.25726E+03STEP 1305AT    4  137   27
EMAX,EAVG,ECONT-0.15866E+00 0.52331E-02 0.48757E-02 FLOW 0.25726E+03STEP 1310AT    4  137   27
EMAX,EAVG,ECONT-0.15718E+00 0.51753E-02 0.49185E-02 FLOW 0.25725E+03STEP 1315AT    5  135   30
EMAX,EAVG,ECONT-0.16033E+00 0.51172E-02 0.49587E-02 FLOW 0.25725E+03STEP 1320AT    5  135   30
EMAX,EAVG,ECONT-0.16323E+00 0.50580E-02 0.49960E-02 FLOW 0.25725E+03STEP 1325AT    5  135   30
EMAX,EAVG,ECONT-0.16630E+00 0.49962E-02 0.50294E-02 FLOW 0.25725E+03STEP 1330AT    5  135   30
EMAX,EAVG,ECONT-0.16952E+00 0.49308E-02 0.50562E-02 FLOW 0.25724E+03STEP 1335AT    5  135   30
EMAX,EAVG,ECONT-0.17219E+00 0.48641E-02 0.50788E-02 FLOW 0.25725E+03STEP 1340AT    5  135   30
EMAX,EAVG,ECONT-0.17323E+00 0.47975E-02 0.50906E-02 FLOW 0.25725E+03STEP 1345AT    5  135   30
EMAX,EAVG,ECONT-0.17288E+00 0.47331E-02 0.50942E-02 FLOW 0.25725E+03STEP 1350AT    5  135   30
EMAX,EAVG,ECONT-0.17150E+00 0.46704E-02 0.50861E-02 FLOW 0.25725E+03STEP 1355AT    5  135   30
EMAX,EAVG,ECONT-0.16934E+00 0.46100E-02 0.50672E-02 FLOW 0.25726E+03STEP 1360AT    5  135   30
EMAX,EAVG,ECONT-0.16666E+00 0.45523E-02 0.50365E-02 FLOW 0.25726E+03STEP 1365AT    5  135   30
EMAX,EAVG,ECONT-0.16355E+00 0.44970E-02 0.49968E-02 FLOW 0.25726E+03STEP 1370AT    5  135   30
EMAX,EAVG,ECONT-0.16037E+00 0.44443E-02 0.49494E-02 FLOW 0.25727E+03STEP 1375AT    5  135   30
EMAX,EAVG,ECONT-0.15850E+00 0.43940E-02 0.48931E-02 FLOW 0.25727E+03STEP 1380AT    5  135   30
EMAX,EAVG,ECONT-0.26823E+00 0.43852E-02 0.48327E-02 FLOW 0.25728E+03STEP 1385AT   29   92   37
EMAX,EAVG,ECONT-0.25341E+00 0.43378E-02 0.47726E-02 FLOW 0.25728E+03STEP 1390AT   29   92   37
EMAX,EAVG,ECONT-0.23451E+00 0.42880E-02 0.47757E-02 FLOW 0.25729E+03STEP 1395AT   29   92   37
EMAX,EAVG,ECONT-0.21294E+00 0.42460E-02 0.47891E-02 FLOW 0.25729E+03STEP 1400AT   29   92   37
EMAX,EAVG,ECONT-0.18972E+00 0.41991E-02 0.48025E-02 FLOW 0.25730E+03STEP 1405AT   29   92   37
EMAX,EAVG,ECONT-0.17559E+00 0.41629E-02 0.48158E-02 FLOW 0.25730E+03STEP 1410AT    5  135   29
EMAX,EAVG,ECONT-0.19339E+00 0.41181E-02 0.48271E-02 FLOW 0.25731E+03STEP 1415AT   30   93   30
EMAX,EAVG,ECONT-0.18292E+00 0.40830E-02 0.48391E-02 FLOW 0.25731E+03STEP 1420AT    5  135   29
EMAX,EAVG,ECONT-0.19328E+00 0.40376E-02 0.48487E-02 FLOW 0.25731E+03STEP 1425AT   30   93   30
EMAX,EAVG,ECONT-0.18127E+00 0.40015E-02 0.48587E-02 FLOW 0.25732E+03STEP 1430AT    5  135   29
EMAX,EAVG,ECONT-0.18843E+00 0.39515E-02 0.48686E-02 FLOW 0.25732E+03STEP 1435AT   30   93   30
EMAX,EAVG,ECONT-0.17276E+00 0.39121E-02 0.48755E-02 FLOW 0.25732E+03STEP 1440AT   30   93   29
EMAX,EAVG,ECONT-0.18259E+00 0.38581E-02 0.48801E-02 FLOW 0.25732E+03STEP 1445AT   30   93   30
EMAX,EAVG,ECONT-0.16988E+00 0.38176E-02 0.48862E-02 FLOW 0.25732E+03STEP 1450AT   30   93   29
EMAX,EAVG,ECONT-0.17799E+00 0.37634E-02 0.48917E-02 FLOW 0.25733E+03STEP 1455AT   30   93   30
EMAX,EAVG,ECONT-0.16913E+00 0.37244E-02 0.48957E-02 FLOW 0.25733E+03STEP 1460AT   30   93   29
EMAX,EAVG,ECONT-0.17570E+00 0.36734E-02 0.48996E-02 FLOW 0.25733E+03STEP 1465AT   30   93   30
EMAX,EAVG,ECONT-0.17032E+00 0.36405E-02 0.49022E-02 FLOW 0.25733E+03STEP 1470AT   30   93   29
EMAX,EAVG,ECONT-0.17487E+00 0.35985E-02 0.49036E-02 FLOW 0.25732E+03STEP 1475AT   30   93   30
EMAX,EAVG,ECONT-0.17274E+00 0.35722E-02 0.49069E-02 FLOW 0.25732E+03STEP 1480AT   30   93   29
EMAX,EAVG,ECONT-0.17474E+00 0.35375E-02 0.49066E-02 FLOW 0.25732E+03STEP 1485AT   30   93   30
EMAX,EAVG,ECONT-0.17632E+00 0.35158E-02 0.49083E-02 FLOW 0.25732E+03STEP 1490AT   30   93   29
EMAX,EAVG,ECONT-0.17539E+00 0.34870E-02 0.49085E-02 FLOW 0.25732E+03STEP 1495AT   30   93   30
EMAX,EAVG,ECONT-0.18078E+00 0.34683E-02 0.49465E-02 FLOW 0.25732E+03STEP 1500AT   30   93   29
EMAX,EAVG,ECONT 0.17874E+00 0.34420E-02 0.50457E-02 FLOW 0.25732E+03STEP 1505AT   30   93   29
EMAX,EAVG,ECONT-0.18528E+00 0.34234E-02 0.51469E-02 FLOW 0.25731E+03STEP 1510AT   30   93   29
EMAX,EAVG,ECONT-0.18745E+00 0.33978E-02 0.52477E-02 FLOW 0.25731E+03STEP 1515AT   30   93   29
EMAX,EAVG,ECONT-0.17451E+00 0.33682E-02 0.53455E-02 FLOW 0.25731E+03STEP 1520AT   30   93   30
EMAX,EAVG,ECONT-0.15490E+00 0.33355E-02 0.54421E-02 FLOW 0.25731E+03STEP 1525AT    4  135   29
EMAX,EAVG,ECONT-0.16116E+00 0.33142E-02 0.55352E-02 FLOW 0.25731E+03STEP 1530AT   29   93   34
EMAX,EAVG,ECONT-0.14819E+00 0.32884E-02 0.56233E-02 FLOW 0.25730E+03STEP 1535AT    1  135   30
EMAX,EAVG,ECONT-0.14713E+00 0.32661E-02 0.57072E-02 FLOW 0.25730E+03STEP 1540AT    3  135   29
EMAX,EAVG,ECONT-0.14700E+00 0.32426E-02 0.57871E-02 FLOW 0.25730E+03STEP 1545AT    3  135   29
EMAX,EAVG,ECONT-0.14669E+00 0.32181E-02 0.58609E-02 FLOW 0.25730E+03STEP 1550AT    3  135   29
EMAX,EAVG,ECONT-0.14614E+00 0.31925E-02 0.59318E-02 FLOW 0.25730E+03STEP 1555AT    3  135   29
EMAX,EAVG,ECONT-0.14517E+00 0.31666E-02 0.59987E-02 FLOW 0.25730E+03STEP 1560AT    3  135   29
EMAX,EAVG,ECONT-0.14396E+00 0.31413E-02 0.60599E-02 FLOW 0.25729E+03STEP 1565AT    3  135   29
EMAX,EAVG,ECONT-0.14246E+00 0.31169E-02 0.61171E-02 FLOW 0.25729E+03STEP 1570AT    3  135   29
EMAX,EAVG,ECONT-0.14063E+00 0.30933E-02 0.61706E-02 FLOW 0.25729E+03STEP 1575AT    2  135   29
EMAX,EAVG,ECONT-0.14032E+00 0.30704E-02 0.62181E-02 FLOW 0.25729E+03STEP 1580AT    2  135   29
EMAX,EAVG,ECONT-0.13952E+00 0.30486E-02 0.62593E-02 FLOW 0.25729E+03STEP 1585AT    2  135   29
EMAX,EAVG,ECONT-0.13800E+00 0.30266E-02 0.62936E-02 FLOW 0.25729E+03STEP 1590AT    2  135   29
EMAX,EAVG,ECONT-0.13581E+00 0.30043E-02 0.63231E-02 FLOW 0.25729E+03STEP 1595AT    2  135   29
EMAX,EAVG,ECONT-0.13307E+00 0.29810E-02 0.63436E-02 FLOW 0.25729E+03STEP 1600AT    2  135   29
EMAX,EAVG,ECONT-0.13025E+00 0.29564E-02 0.63572E-02 FLOW 0.25729E+03STEP 1605AT    2  135   29
EMAX,EAVG,ECONT-0.12758E+00 0.29310E-02 0.63630E-02 FLOW 0.25729E+03STEP 1610AT    2  135   29
EMAX,EAVG,ECONT-0.12522E+00 0.29054E-02 0.63612E-02 FLOW 0.25729E+03STEP 1615AT    2  135   29
EMAX,EAVG,ECONT-0.12344E+00 0.28805E-02 0.63540E-02 FLOW 0.25729E+03STEP 1620AT    2  135   29
EMAX,EAVG,ECONT-0.12222E+00 0.28568E-02 0.63392E-02 FLOW 0.25728E+03STEP 1625AT    2  135   29
EMAX,EAVG,ECONT-0.12230E+00 0.28373E-02 0.63202E-02 FLOW 0.25728E+03STEP 1630AT   31   93   30
EMAX,EAVG,ECONT-0.12038E+00 0.28192E-02 0.62985E-02 FLOW 0.25728E+03STEP 1635AT    2  135   29
EMAX,EAVG,ECONT-0.15133E+00 0.28105E-02 0.62708E-02 FLOW 0.25728E+03STEP 1640AT   29   92   29
EMAX,EAVG,ECONT 0.16453E+00 0.27893E-02 0.62441E-02 FLOW 0.25728E+03STEP 1645AT   30   93   29
EMAX,EAVG,ECONT-0.17581E+00 0.27693E-02 0.62162E-02 FLOW 0.25728E+03STEP 1650AT   30   93   29
EMAX,EAVG,ECONT 0.16139E+00 0.27472E-02 0.61860E-02 FLOW 0.25728E+03STEP 1655AT   30   93   29
EMAX,EAVG,ECONT-0.17045E+00 0.27301E-02 0.61550E-02 FLOW 0.25728E+03STEP 1660AT   30   93   29
EMAX,EAVG,ECONT-0.17185E+00 0.27058E-02 0.61271E-02 FLOW 0.25728E+03STEP 1665AT   30   93   29
EMAX,EAVG,ECONT-0.14309E+00 0.26816E-02 0.60973E-02 FLOW 0.25728E+03STEP 1670AT   29   92   29
EMAX,EAVG,ECONT-0.13065E+00 0.26525E-02 0.60724E-02 FLOW 0.25728E+03STEP 1675AT   29   93   32
EMAX,EAVG,ECONT-0.11742E+00 0.26200E-02 0.60492E-02 FLOW 0.25728E+03STEP 1680AT    1  135   29
EMAX,EAVG,ECONT-0.11774E+00 0.26053E-02 0.60282E-02 FLOW 0.25728E+03STEP 1685AT    1  135   29
EMAX,EAVG,ECONT 0.15400E+00 0.25852E-02 0.60110E-02 FLOW 0.25728E+03STEP 1690AT   30   93   29
EMAX,EAVG,ECONT-0.16666E+00 0.25688E-02 0.59990E-02 FLOW 0.25727E+03STEP 1695AT   30   93   29
EMAX,EAVG,ECONT 0.15264E+00 0.25435E-02 0.59893E-02 FLOW 0.25727E+03STEP 1700AT   30   93   29
EMAX,EAVG,ECONT 0.15473E+00 0.25213E-02 0.59839E-02 FLOW 0.25727E+03STEP 1705AT   30   93   29
EMAX,EAVG,ECONT-0.13613E+00 0.24947E-02 0.59828E-02 FLOW 0.25727E+03STEP 1710AT   29   92   29
EMAX,EAVG,ECONT-0.10880E+00 0.24658E-02 0.59851E-02 FLOW 0.25727E+03STEP 1715AT    4  135   27
EMAX,EAVG,ECONT-0.10821E+00 0.24447E-02 0.59882E-02 FLOW 0.25727E+03STEP 1720AT    4  135   27
EMAX,EAVG,ECONT-0.10733E+00 0.24236E-02 0.59937E-02 FLOW 0.25727E+03STEP 1725AT    4  135   27
EMAX,EAVG,ECONT-0.10725E+00 0.24021E-02 0.60048E-02 FLOW 0.25727E+03STEP 1730AT    4  135   27
EMAX,EAVG,ECONT-0.10712E+00 0.23799E-02 0.60174E-02 FLOW 0.25727E+03STEP 1735AT    4  135   27
EMAX,EAVG,ECONT-0.10693E+00 0.23574E-02 0.60316E-02 FLOW 0.25727E+03STEP 1740AT    4  135   27
EMAX,EAVG,ECONT-0.10680E+00 0.23348E-02 0.60507E-02 FLOW 0.25727E+03STEP 1745AT    4  135   27
EMAX,EAVG,ECONT-0.10682E+00 0.23123E-02 0.60689E-02 FLOW 0.25727E+03STEP 1750AT    4  135   27
EMAX,EAVG,ECONT-0.10691E+00 0.22904E-02 0.60926E-02 FLOW 0.25727E+03STEP 1755AT    4  135   27
EMAX,EAVG,ECONT 0.10850E+00 0.22730E-02 0.61167E-02 FLOW 0.25727E+03STEP 1760AT   29   93   31
EMAX,EAVG,ECONT-0.16677E+00 0.22483E-02 0.61411E-02 FLOW 0.25727E+03STEP 1765AT   30   93   29
EMAX,EAVG,ECONT-0.16846E+00 0.22268E-02 0.61693E-02 FLOW 0.25727E+03STEP 1770AT   30   93   29
EMAX,EAVG,ECONT-0.10639E+00 0.22018E-02 0.61964E-02 FLOW 0.25727E+03STEP 1775AT    4  135   27
EMAX,EAVG,ECONT-0.10612E+00 0.21808E-02 0.62228E-02 FLOW 0.25727E+03STEP 1780AT    4  135   27
EMAX,EAVG,ECONT 0.10780E+00 0.21603E-02 0.62505E-02 FLOW 0.25727E+03STEP 1785AT   29   93   32
EMAX,EAVG,ECONT-0.10556E+00 0.21388E-02 0.62765E-02 FLOW 0.25727E+03STEP 1790AT    4  135   27
EMAX,EAVG,ECONT 0.14570E+00 0.21231E-02 0.63033E-02 FLOW 0.25727E+03STEP 1795AT   29   92   29
EMAX,EAVG,ECONT-0.14190E+00 0.21001E-02 0.63269E-02 FLOW 0.25727E+03STEP 1800AT   29   92   29
EMAX,EAVG,ECONT-0.16919E+00 0.20975E-02 0.63494E-02 FLOW 0.25727E+03STEP 1805AT   30   93   29
EMAX,EAVG,ECONT-0.14202E+00 0.20658E-02 0.63696E-02 FLOW 0.25727E+03STEP 1810AT   29   92   29
EMAX,EAVG,ECONT 0.16181E+00 0.20618E-02 0.63856E-02 FLOW 0.25727E+03STEP 1815AT   30   93   29
EMAX,EAVG,ECONT-0.16545E+00 0.20431E-02 0.63983E-02 FLOW 0.25727E+03STEP 1820AT   30   93   29
EMAX,EAVG,ECONT 0.16017E+00 0.20310E-02 0.64068E-02 FLOW 0.25727E+03STEP 1825AT   30   93   29
EMAX,EAVG,ECONT-0.16317E+00 0.20179E-02 0.64095E-02 FLOW 0.25727E+03STEP 1830AT   30   93   29
EMAX,EAVG,ECONT 0.15977E+00 0.20065E-02 0.64075E-02 FLOW 0.25727E+03STEP 1835AT   30   93   29
EMAX,EAVG,ECONT-0.16226E+00 0.19941E-02 0.64021E-02 FLOW 0.25728E+03STEP 1840AT   30   93   29
EMAX,EAVG,ECONT 0.15922E+00 0.19841E-02 0.63913E-02 FLOW 0.25728E+03STEP 1845AT   30   93   29
EMAX,EAVG,ECONT-0.16125E+00 0.19720E-02 0.63762E-02 FLOW 0.25728E+03STEP 1850AT   30   93   29
EMAX,EAVG,ECONT 0.15827E+00 0.19623E-02 0.63573E-02 FLOW 0.25728E+03STEP 1855AT   30   93   29
EMAX,EAVG,ECONT-0.16033E+00 0.19495E-02 0.63329E-02 FLOW 0.25728E+03STEP 1860AT   30   93   29
EMAX,EAVG,ECONT 0.15729E+00 0.19401E-02 0.63047E-02 FLOW 0.25728E+03STEP 1865AT   30   93   29
EMAX,EAVG,ECONT 0.16051E+00 0.19275E-02 0.62720E-02 FLOW 0.25728E+03STEP 1870AT   30   93   29
EMAX,EAVG,ECONT 0.15772E+00 0.19181E-02 0.62383E-02 FLOW 0.25728E+03STEP 1875AT   30   93   29
EMAX,EAVG,ECONT-0.16034E+00 0.18997E-02 0.61991E-02 FLOW 0.25729E+03STEP 1880AT   30   93   29
EMAX,EAVG,ECONT 0.16074E+00 0.18955E-02 0.61605E-02 FLOW 0.25729E+03STEP 1885AT   30   93   29
EMAX,EAVG,ECONT 0.15920E+00 0.18858E-02 0.61192E-02 FLOW 0.25729E+03STEP 1890AT   30   93   29
EMAX,EAVG,ECONT-0.16256E+00 0.18743E-02 0.60769E-02 FLOW 0.25729E+03STEP 1895AT   30   93   29
EMAX,EAVG,ECONT 0.15660E+00 0.18617E-02 0.60325E-02 FLOW 0.25729E+03STEP 1900AT   30   93   29
EMAX,EAVG,ECONT-0.15817E+00 0.18479E-02 0.59883E-02 FLOW 0.25729E+03STEP 1905AT   30   93   29
EMAX,EAVG,ECONT-0.16036E+00 0.18221E-02 0.59430E-02 FLOW 0.25729E+03STEP 1910AT   30   93   29
EMAX,EAVG,ECONT-0.14919E+00 0.18107E-02 0.59002E-02 FLOW 0.25730E+03STEP 1915AT   29   93   32
EMAX,EAVG,ECONT-0.16077E+00 0.18119E-02 0.58588E-02 FLOW 0.25730E+03STEP 1920AT   30   93   29
EMAX,EAVG,ECONT 0.15663E+00 0.18034E-02 0.58183E-02 FLOW 0.25730E+03STEP 1925AT   30   93   29
EMAX,EAVG,ECONT-0.15747E+00 0.17899E-02 0.57797E-02 FLOW 0.25730E+03STEP 1930AT   30   93   29
EMAX,EAVG,ECONT 0.16193E+00 0.17740E-02 0.57431E-02 FLOW 0.25730E+03STEP 1935AT   29   92   29
EMAX,EAVG,ECONT 0.15679E+00 0.17607E-02 0.57077E-02 FLOW 0.25730E+03STEP 1940AT   30   93   29
EMAX,EAVG,ECONT-0.16054E+00 0.17390E-02 0.56754E-02 FLOW 0.25730E+03STEP 1945AT   30   93   29
EMAX,EAVG,ECONT-0.15701E+00 0.17319E-02 0.56472E-02 FLOW 0.25730E+03STEP 1950AT   29   92   29
EMAX,EAVG,ECONT-0.15701E+00 0.16981E-02 0.56210E-02 FLOW 0.25730E+03STEP 1955AT   29   92   29
EMAX,EAVG,ECONT 0.16286E+00 0.17012E-02 0.55956E-02 FLOW 0.25730E+03STEP 1960AT   29   92   29
EMAX,EAVG,ECONT 0.16346E+00 0.16843E-02 0.55739E-02 FLOW 0.25730E+03STEP 1965AT   29   92   29
EMAX,EAVG,ECONT 0.16042E+00 0.16705E-02 0.55543E-02 FLOW 0.25731E+03STEP 1970AT   29   92   29
EMAX,EAVG,ECONT 0.15821E+00 0.16536E-02 0.55391E-02 FLOW 0.25731E+03STEP 1975AT   30   93   29
EMAX,EAVG,ECONT-0.16193E+00 0.16387E-02 0.55221E-02 FLOW 0.25731E+03STEP 1980AT   29   92   29
EMAX,EAVG,ECONT 0.16354E+00 0.16244E-02 0.55091E-02 FLOW 0.25731E+03STEP 1985AT   29   92   29
EMAX,EAVG,ECONT-0.16082E+00 0.16118E-02 0.55006E-02 FLOW 0.25731E+03STEP 1990AT   29   92   29
EMAX,EAVG,ECONT 0.16579E+00 0.15938E-02 0.54896E-02 FLOW 0.25731E+03STEP 1995AT   29   92   29
EMAX,EAVG,ECONT-0.16170E+00 0.15800E-02 0.54811E-02 FLOW 0.25731E+03STEP 2000AT   29   92   29
EMAX,EAVG,ECONT 0.16442E+00 0.15635E-02 0.54737E-02 FLOW 0.25731E+03STEP 2005AT   29   92   29
EMAX,EAVG,ECONT 0.16485E+00 0.15576E-02 0.54673E-02 FLOW 0.25731E+03STEP 2010AT   29   92   29
EMAX,EAVG,ECONT-0.16403E+00 0.15414E-02 0.54598E-02 FLOW 0.25731E+03STEP 2015AT   29   92   29
EMAX,EAVG,ECONT 0.16543E+00 0.15287E-02 0.54548E-02 FLOW 0.25731E+03STEP 2020AT   29   92   29
EMAX,EAVG,ECONT 0.16989E+00 0.15114E-02 0.54505E-02 FLOW 0.25732E+03STEP 2025AT   29   92   29
EMAX,EAVG,ECONT 0.16950E+00 0.15054E-02 0.54429E-02 FLOW 0.25732E+03STEP 2030AT   29   92   29
EMAX,EAVG,ECONT-0.16555E+00 0.14919E-02 0.54374E-02 FLOW 0.25732E+03STEP 2035AT   29   92   29
EMAX,EAVG,ECONT 0.16706E+00 0.14821E-02 0.54306E-02 FLOW 0.25732E+03STEP 2040AT   29   92   29
EMAX,EAVG,ECONT-0.16597E+00 0.14684E-02 0.54225E-02 FLOW 0.25732E+03STEP 2045AT   29   92   29
EMAX,EAVG,ECONT 0.16744E+00 0.14586E-02 0.54166E-02 FLOW 0.25732E+03STEP 2050AT   29   92   29
EMAX,EAVG,ECONT-0.16648E+00 0.14452E-02 0.54086E-02 FLOW 0.25732E+03STEP 2055AT   29   92   29
EMAX,EAVG,ECONT 0.16857E+00 0.14294E-02 0.54005E-02 FLOW 0.25732E+03STEP 2060AT   29   92   29
EMAX,EAVG,ECONT-0.83527E-01 0.14013E-02 0.53935E-02 FLOW 0.25732E+03STEP 2065AT    3  135   26
EMAX,EAVG,ECONT-0.14434E+00 0.13972E-02 0.53844E-02 FLOW 0.25732E+03STEP 2070AT   30   93   30
EMAX,EAVG,ECONT 0.15986E+00 0.13990E-02 0.53738E-02 FLOW 0.25733E+03STEP 2075AT   28   91   29
EMAX,EAVG,ECONT-0.16728E+00 0.13875E-02 0.53638E-02 FLOW 0.25733E+03STEP 2080AT   29   92   29
EMAX,EAVG,ECONT-0.16735E+00 0.13773E-02 0.53536E-02 FLOW 0.25733E+03STEP 2085AT   29   92   29
EMAX,EAVG,ECONT-0.16684E+00 0.13657E-02 0.53412E-02 FLOW 0.25733E+03STEP 2090AT   29   92   29
EMAX,EAVG,ECONT-0.16853E+00 0.13553E-02 0.53304E-02 FLOW 0.25733E+03STEP 2095AT   29   92   29
EMAX,EAVG,ECONT 0.17033E+00 0.13414E-02 0.53175E-02 FLOW 0.25733E+03STEP 2100AT   29   92   29
EMAX,EAVG,ECONT-0.16734E+00 0.13320E-02 0.53046E-02 FLOW 0.25733E+03STEP 2105AT   29   92   29
EMAX,EAVG,ECONT 0.16773E+00 0.13258E-02 0.52933E-02 FLOW 0.25733E+03STEP 2110AT   29   92   29
EMAX,EAVG,ECONT-0.72612E-01 0.12924E-02 0.52817E-02 FLOW 0.25733E+03STEP 2115AT    3  135   26
EMAX,EAVG,ECONT 0.15048E+00 0.12846E-02 0.52682E-02 FLOW 0.25733E+03STEP 2120AT   30   93   29
EMAX,EAVG,ECONT-0.15513E+00 0.12890E-02 0.52581E-02 FLOW 0.25733E+03STEP 2125AT   28   91   29
EMAX,EAVG,ECONT 0.16910E+00 0.12805E-02 0.52480E-02 FLOW 0.25734E+03STEP 2130AT   29   92   29
EMAX,EAVG,ECONT 0.16870E+00 0.12686E-02 0.52384E-02 FLOW 0.25734E+03STEP 2135AT   29   92   29
EMAX,EAVG,ECONT 0.15788E+00 0.12400E-02 0.52289E-02 FLOW 0.25734E+03STEP 2140AT   29   93   31
EMAX,EAVG,ECONT 0.14972E+00 0.12286E-02 0.52205E-02 FLOW 0.25734E+03STEP 2145AT   30   93   30
EMAX,EAVG,ECONT-0.69987E-01 0.12134E-02 0.52140E-02 FLOW 0.25734E+03STEP 2150AT    3  135   25
EMAX,EAVG,ECONT-0.69700E-01 0.12024E-02 0.52087E-02 FLOW 0.25734E+03STEP 2155AT    3  135   25
EMAX,EAVG,ECONT 0.17172E+00 0.12093E-02 0.52027E-02 FLOW 0.25734E+03STEP 2160AT   29   92   29
EMAX,EAVG,ECONT-0.16631E+00 0.11997E-02 0.51983E-02 FLOW 0.25734E+03STEP 2165AT   29   92   29
EMAX,EAVG,ECONT-0.10025E+00 0.11729E-02 0.51963E-02 FLOW 0.25734E+03STEP 2170AT   27   90   31
EMAX,EAVG,ECONT-0.89950E-01 0.11601E-02 0.51952E-02 FLOW 0.25734E+03STEP 2175AT   29   93   30
EMAX,EAVG,ECONT 0.16147E+00 0.11626E-02 0.51956E-02 FLOW 0.25734E+03STEP 2180AT   29   93   31
EMAX,EAVG,ECONT 0.10417E+00 0.11414E-02 0.51977E-02 FLOW 0.25734E+03STEP 2185AT   28   92   32
EMAX,EAVG,ECONT-0.14974E+00 0.11330E-02 0.52010E-02 FLOW 0.25734E+03STEP 2190AT   30   93   30
EMAX,EAVG,ECONT 0.15313E+00 0.11325E-02 0.52055E-02 FLOW 0.25734E+03STEP 2195AT   30   93   30
EMAX,EAVG,ECONT-0.15161E+00 0.11138E-02 0.52109E-02 FLOW 0.25734E+03STEP 2200AT   30   93   30
EMAX,EAVG,ECONT-0.16662E+00 0.11244E-02 0.52178E-02 FLOW 0.25735E+03STEP 2205AT   29   92   29
EMAX,EAVG,ECONT 0.16681E+00 0.11052E-02 0.52244E-02 FLOW 0.25735E+03STEP 2210AT   29   92   29
EMAX,EAVG,ECONT-0.15547E+00 0.10888E-02 0.52329E-02 FLOW 0.25735E+03STEP 2215AT   28   91   29
EMAX,EAVG,ECONT 0.16297E+00 0.10935E-02 0.52412E-02 FLOW 0.25735E+03STEP 2220AT   29   92   29
EMAX,EAVG,ECONT-0.15666E+00 0.10739E-02 0.52502E-02 FLOW 0.25735E+03STEP 2225AT   29   93   31
EMAX,EAVG,ECONT 0.16605E+00 0.10730E-02 0.52593E-02 FLOW 0.25735E+03STEP 2230AT   29   92   29
EMAX,EAVG,ECONT-0.16396E+00 0.10655E-02 0.52699E-02 FLOW 0.25735E+03STEP 2235AT   29   92   29
EMAX,EAVG,ECONT 0.16135E+00 0.10608E-02 0.52820E-02 FLOW 0.25735E+03STEP 2240AT   29   92   29
EMAX,EAVG,ECONT-0.16197E+00 0.10485E-02 0.52928E-02 FLOW 0.25735E+03STEP 2245AT   29   92   29
EMAX,EAVG,ECONT 0.51518E-01 0.10173E-02 0.53026E-02 FLOW 0.25735E+03STEP 2250AT   26   88   28
EMAX,EAVG,ECONT 0.16625E+00 0.10265E-02 0.53130E-02 FLOW 0.25735E+03STEP 2255AT   29   92   29
EMAX,EAVG,ECONT-0.16330E+00 0.10211E-02 0.53230E-02 FLOW 0.25735E+03STEP 2260AT   29   92   29
EMAX,EAVG,ECONT 0.16163E+00 0.10101E-02 0.53325E-02 FLOW 0.25735E+03STEP 2265AT   29   92   29
EMAX,EAVG,ECONT-0.16295E+00 0.10030E-02 0.53421E-02 FLOW 0.25735E+03STEP 2270AT   29   92   29
EMAX,EAVG,ECONT-0.16368E+00 0.99158E-03 0.53512E-02 FLOW 0.25735E+03STEP 2275AT   29   92   29
EMAX,EAVG,ECONT 0.16464E+00 0.99905E-03 0.53526E-02 FLOW 0.25735E+03STEP 2276AT   29   92   29
